<?xml version="1.0" encoding="UTF-8"?>
<testng-results ignored="0" total="2" passed="2" failed="0" skipped="0">
  <reporter-output>
  </reporter-output>
  <suite started-at="2024-10-23T07:24:39 IST" name="Default suite" finished-at="2024-10-23T07:24:53 IST" duration-ms="14281">
    <groups>
    </groups>
    <test started-at="2024-10-23T07:24:39 IST" name="Default test" finished-at="2024-10-23T07:24:53 IST" duration-ms="14281">
      <class name="tests.UserRegisterTest">
        <test-method signature="RegisterUser(java.lang.String,java.lang.String,java.lang.String,java.lang.String)[pri:0, instance:tests.UserRegisterTest@31304f14]" started-at="2024-10-23T07:24:40 IST" name="RegisterUser" data-provider="RegisterDataProvider" finished-at="2024-10-23T07:24:47 IST" duration-ms="7084" status="PASS">
          <params>
            <param index="0">
              <value>
                <![CDATA[ravi]]>
              </value>
            </param>
            <param index="1">
              <value>
                <![CDATA[nangare]]>
              </value>
            </param>
            <param index="2">
              <value>
                <![CDATA[Ambegaon]]>
              </value>
            </param>
            <param index="3">
              <value>
                <![CDATA[pune]]>
              </value>
            </param>
          </params>
          <reporter-output>
          </reporter-output>
        </test-method> <!-- RegisterUser -->
        <test-method signature="RegisterUser(java.lang.String,java.lang.String,java.lang.String,java.lang.String)[pri:0, instance:tests.UserRegisterTest@31304f14]" started-at="2024-10-23T07:24:47 IST" name="RegisterUser" data-provider="RegisterDataProvider" finished-at="2024-10-23T07:24:53 IST" duration-ms="6230" status="PASS">
          <params>
            <param index="0">
              <value>
                <![CDATA[vaibhav]]>
              </value>
            </param>
            <param index="1">
              <value>
                <![CDATA[dharekar]]>
              </value>
            </param>
            <param index="2">
              <value>
                <![CDATA[ambejogai]]>
              </value>
            </param>
            <param index="3">
              <value>
                <![CDATA[beed]]>
              </value>
            </param>
          </params>
          <reporter-output>
          </reporter-output>
        </test-method> <!-- RegisterUser -->
      </class> <!-- tests.UserRegisterTest -->
    </test> <!-- Default test -->
  </suite> <!-- Default suite -->
</testng-results>
